{"/Users/fiveisprime/Developer/automeme/spec/automeme-html-spec.js":{"path":"/Users/fiveisprime/Developer/automeme/spec/automeme-html-spec.js","s":{"1":1,"2":1,"3":1,"4":1,"5":1,"6":1,"7":1,"8":1,"9":1,"10":1,"11":1,"12":1,"13":1,"14":1,"15":1,"16":1,"17":1,"18":1,"19":1,"20":1,"21":1,"22":1,"23":1,"24":1,"25":1},"b":{},"f":{"1":1,"2":1,"3":1,"4":1,"5":1,"6":1,"7":1,"8":1,"9":1},"fnMap":{"1":{"name":"(anonymous_1)","line":6,"loc":{"start":{"line":6,"column":26},"end":{"line":6,"column":37}}},"2":{"name":"(anonymous_2)","line":8,"loc":{"start":{"line":8,"column":28},"end":{"line":8,"column":39}}},"3":{"name":"(anonymous_3)","line":9,"loc":{"start":{"line":9,"column":34},"end":{"line":9,"column":45}}},"4":{"name":"(anonymous_4)","line":16,"loc":{"start":{"line":16,"column":43},"end":{"line":16,"column":58}}},"5":{"name":"(anonymous_5)","line":21,"loc":{"start":{"line":21,"column":31},"end":{"line":21,"column":51}}},"6":{"name":"(anonymous_6)","line":30,"loc":{"start":{"line":30,"column":25},"end":{"line":30,"column":36}}},"7":{"name":"(anonymous_7)","line":31,"loc":{"start":{"line":31,"column":34},"end":{"line":31,"column":45}}},"8":{"name":"(anonymous_8)","line":38,"loc":{"start":{"line":38,"column":43},"end":{"line":38,"column":58}}},"9":{"name":"(anonymous_9)","line":43,"loc":{"start":{"line":43,"column":34},"end":{"line":43,"column":54}}}},"statementMap":{"1":{"start":{"line":1,"column":0},"end":{"line":2,"column":27}},"2":{"start":{"line":4,"column":0},"end":{"line":4,"column":18}},"3":{"start":{"line":6,"column":0},"end":{"line":52,"column":3}},"4":{"start":{"line":8,"column":2},"end":{"line":28,"column":5}},"5":{"start":{"line":9,"column":4},"end":{"line":14,"column":7}},"6":{"start":{"line":10,"column":6},"end":{"line":10,"column":45}},"7":{"start":{"line":12,"column":6},"end":{"line":12,"column":32}},"8":{"start":{"line":13,"column":6},"end":{"line":13,"column":32}},"9":{"start":{"line":16,"column":4},"end":{"line":27,"column":7}},"10":{"start":{"line":17,"column":6},"end":{"line":19,"column":28}},"11":{"start":{"line":21,"column":6},"end":{"line":26,"column":9}},"12":{"start":{"line":22,"column":8},"end":{"line":22,"column":26}},"13":{"start":{"line":23,"column":8},"end":{"line":23,"column":34}},"14":{"start":{"line":25,"column":8},"end":{"line":25,"column":15}},"15":{"start":{"line":30,"column":2},"end":{"line":50,"column":5}},"16":{"start":{"line":31,"column":4},"end":{"line":36,"column":7}},"17":{"start":{"line":32,"column":6},"end":{"line":32,"column":48}},"18":{"start":{"line":34,"column":6},"end":{"line":34,"column":32}},"19":{"start":{"line":35,"column":6},"end":{"line":35,"column":32}},"20":{"start":{"line":38,"column":4},"end":{"line":49,"column":7}},"21":{"start":{"line":39,"column":6},"end":{"line":41,"column":28}},"22":{"start":{"line":43,"column":6},"end":{"line":48,"column":9}},"23":{"start":{"line":44,"column":8},"end":{"line":44,"column":26}},"24":{"start":{"line":45,"column":8},"end":{"line":45,"column":34}},"25":{"start":{"line":47,"column":8},"end":{"line":47,"column":15}}},"branchMap":{}},"/Users/fiveisprime/Developer/automeme/index.js":{"path":"/Users/fiveisprime/Developer/automeme/index.js","s":{"1":1},"b":{},"f":{},"fnMap":{},"statementMap":{"1":{"start":{"line":1,"column":0},"end":{"line":1,"column":43}}},"branchMap":{}},"/Users/fiveisprime/Developer/automeme/lib/automeme.js":{"path":"/Users/fiveisprime/Developer/automeme/lib/automeme.js","s":{"1":1,"2":1,"3":1,"4":14,"5":14,"6":1,"7":14,"8":5,"9":14,"10":1,"11":1,"12":1,"13":14,"14":3,"15":3,"16":14,"17":14,"18":7,"19":0,"20":7,"21":0,"22":7,"23":14},"b":{"1":[1,13],"2":[5,9],"3":[1,13],"4":[3,11],"5":[0,7],"6":[0,7]},"f":{"1":14,"2":7},"fnMap":{"1":{"name":"(anonymous_1)","line":6,"loc":{"start":{"line":6,"column":18},"end":{"line":6,"column":44}}},"2":{"name":"(anonymous_2)","line":31,"loc":{"start":{"line":31,"column":16},"end":{"line":31,"column":46}}}},"statementMap":{"1":{"start":{"line":1,"column":0},"end":{"line":2,"column":27}},"2":{"start":{"line":4,"column":0},"end":{"line":4,"column":48}},"3":{"start":{"line":6,"column":0},"end":{"line":38,"column":2}},"4":{"start":{"line":7,"column":2},"end":{"line":7,"column":27}},"5":{"start":{"line":9,"column":2},"end":{"line":9,"column":27}},"6":{"start":{"line":9,"column":13},"end":{"line":9,"column":27}},"7":{"start":{"line":10,"column":2},"end":{"line":10,"column":24}},"8":{"start":{"line":10,"column":14},"end":{"line":10,"column":24}},"9":{"start":{"line":12,"column":2},"end":{"line":16,"column":3}},"10":{"start":{"line":13,"column":4},"end":{"line":13,"column":14}},"11":{"start":{"line":14,"column":4},"end":{"line":14,"column":18}},"12":{"start":{"line":15,"column":4},"end":{"line":15,"column":14}},"13":{"start":{"line":18,"column":2},"end":{"line":21,"column":3}},"14":{"start":{"line":19,"column":4},"end":{"line":19,"column":15}},"15":{"start":{"line":20,"column":4},"end":{"line":20,"column":14}},"16":{"start":{"line":23,"column":2},"end":{"line":29,"column":4}},"17":{"start":{"line":31,"column":2},"end":{"line":35,"column":5}},"18":{"start":{"line":32,"column":4},"end":{"line":32,"column":41}},"19":{"start":{"line":32,"column":13},"end":{"line":32,"column":41}},"20":{"start":{"line":33,"column":4},"end":{"line":33,"column":66}},"21":{"start":{"line":33,"column":37},"end":{"line":33,"column":66}},"22":{"start":{"line":34,"column":4},"end":{"line":34,"column":27}},"23":{"start":{"line":37,"column":2},"end":{"line":37,"column":38}}},"branchMap":{"1":{"line":9,"type":"if","locations":[{"start":{"line":9,"column":2},"end":{"line":9,"column":2}},{"start":{"line":9,"column":2},"end":{"line":9,"column":2}}]},"2":{"line":10,"type":"if","locations":[{"start":{"line":10,"column":2},"end":{"line":10,"column":2}},{"start":{"line":10,"column":2},"end":{"line":10,"column":2}}]},"3":{"line":12,"type":"if","locations":[{"start":{"line":12,"column":2},"end":{"line":12,"column":2}},{"start":{"line":12,"column":2},"end":{"line":12,"column":2}}]},"4":{"line":18,"type":"if","locations":[{"start":{"line":18,"column":2},"end":{"line":18,"column":2}},{"start":{"line":18,"column":2},"end":{"line":18,"column":2}}]},"5":{"line":32,"type":"if","locations":[{"start":{"line":32,"column":4},"end":{"line":32,"column":4}},{"start":{"line":32,"column":4},"end":{"line":32,"column":4}}]},"6":{"line":33,"type":"if","locations":[{"start":{"line":33,"column":4},"end":{"line":33,"column":4}},{"start":{"line":33,"column":4},"end":{"line":33,"column":4}}]}}},"/Users/fiveisprime/Developer/automeme/spec/automeme-json-spec.js":{"path":"/Users/fiveisprime/Developer/automeme/spec/automeme-json-spec.js","s":{"1":1,"2":1,"3":1,"4":1,"5":1,"6":1,"7":1,"8":1,"9":1,"10":1,"11":1,"12":1,"13":1,"14":1,"15":1,"16":1,"17":1,"18":1,"19":1,"20":1,"21":1,"22":1,"23":1,"24":1,"25":1},"b":{},"f":{"1":1,"2":1,"3":1,"4":1,"5":1,"6":1,"7":1,"8":1,"9":1},"fnMap":{"1":{"name":"(anonymous_1)","line":6,"loc":{"start":{"line":6,"column":26},"end":{"line":6,"column":37}}},"2":{"name":"(anonymous_2)","line":8,"loc":{"start":{"line":8,"column":28},"end":{"line":8,"column":39}}},"3":{"name":"(anonymous_3)","line":9,"loc":{"start":{"line":9,"column":34},"end":{"line":9,"column":45}}},"4":{"name":"(anonymous_4)","line":16,"loc":{"start":{"line":16,"column":43},"end":{"line":16,"column":58}}},"5":{"name":"(anonymous_5)","line":21,"loc":{"start":{"line":21,"column":31},"end":{"line":21,"column":51}}},"6":{"name":"(anonymous_6)","line":30,"loc":{"start":{"line":30,"column":25},"end":{"line":30,"column":36}}},"7":{"name":"(anonymous_7)","line":31,"loc":{"start":{"line":31,"column":34},"end":{"line":31,"column":45}}},"8":{"name":"(anonymous_8)","line":38,"loc":{"start":{"line":38,"column":43},"end":{"line":38,"column":58}}},"9":{"name":"(anonymous_9)","line":43,"loc":{"start":{"line":43,"column":34},"end":{"line":43,"column":54}}}},"statementMap":{"1":{"start":{"line":1,"column":0},"end":{"line":2,"column":27}},"2":{"start":{"line":4,"column":0},"end":{"line":4,"column":18}},"3":{"start":{"line":6,"column":0},"end":{"line":52,"column":3}},"4":{"start":{"line":8,"column":2},"end":{"line":28,"column":5}},"5":{"start":{"line":9,"column":4},"end":{"line":14,"column":7}},"6":{"start":{"line":10,"column":6},"end":{"line":10,"column":45}},"7":{"start":{"line":12,"column":6},"end":{"line":12,"column":32}},"8":{"start":{"line":13,"column":6},"end":{"line":13,"column":32}},"9":{"start":{"line":16,"column":4},"end":{"line":27,"column":7}},"10":{"start":{"line":17,"column":6},"end":{"line":19,"column":28}},"11":{"start":{"line":21,"column":6},"end":{"line":26,"column":9}},"12":{"start":{"line":22,"column":8},"end":{"line":22,"column":26}},"13":{"start":{"line":23,"column":8},"end":{"line":23,"column":34}},"14":{"start":{"line":25,"column":8},"end":{"line":25,"column":15}},"15":{"start":{"line":30,"column":2},"end":{"line":50,"column":5}},"16":{"start":{"line":31,"column":4},"end":{"line":36,"column":7}},"17":{"start":{"line":32,"column":6},"end":{"line":32,"column":48}},"18":{"start":{"line":34,"column":6},"end":{"line":34,"column":32}},"19":{"start":{"line":35,"column":6},"end":{"line":35,"column":32}},"20":{"start":{"line":38,"column":4},"end":{"line":49,"column":7}},"21":{"start":{"line":39,"column":6},"end":{"line":41,"column":28}},"22":{"start":{"line":43,"column":6},"end":{"line":48,"column":9}},"23":{"start":{"line":44,"column":8},"end":{"line":44,"column":26}},"24":{"start":{"line":45,"column":8},"end":{"line":45,"column":34}},"25":{"start":{"line":47,"column":8},"end":{"line":47,"column":15}}},"branchMap":{}},"/Users/fiveisprime/Developer/automeme/spec/automeme-spec.js":{"path":"/Users/fiveisprime/Developer/automeme/spec/automeme-spec.js","s":{"1":1,"2":1,"3":1,"4":1,"5":1,"6":1,"7":1,"8":1,"9":1,"10":1,"11":1,"12":1,"13":1},"b":{},"f":{"1":1,"2":1,"3":1,"4":1},"fnMap":{"1":{"name":"(anonymous_1)","line":6,"loc":{"start":{"line":6,"column":29},"end":{"line":6,"column":40}}},"2":{"name":"(anonymous_2)","line":8,"loc":{"start":{"line":8,"column":32},"end":{"line":8,"column":43}}},"3":{"name":"(anonymous_3)","line":15,"loc":{"start":{"line":15,"column":41},"end":{"line":15,"column":56}}},"4":{"name":"(anonymous_4)","line":20,"loc":{"start":{"line":20,"column":21},"end":{"line":20,"column":41}}}},"statementMap":{"1":{"start":{"line":1,"column":0},"end":{"line":2,"column":27}},"2":{"start":{"line":4,"column":0},"end":{"line":4,"column":18}},"3":{"start":{"line":6,"column":0},"end":{"line":28,"column":3}},"4":{"start":{"line":8,"column":2},"end":{"line":13,"column":5}},"5":{"start":{"line":9,"column":4},"end":{"line":9,"column":37}},"6":{"start":{"line":11,"column":4},"end":{"line":11,"column":30}},"7":{"start":{"line":12,"column":4},"end":{"line":12,"column":30}},"8":{"start":{"line":15,"column":2},"end":{"line":26,"column":5}},"9":{"start":{"line":16,"column":4},"end":{"line":18,"column":26}},"10":{"start":{"line":20,"column":4},"end":{"line":25,"column":7}},"11":{"start":{"line":21,"column":6},"end":{"line":21,"column":24}},"12":{"start":{"line":22,"column":6},"end":{"line":22,"column":32}},"13":{"start":{"line":24,"column":6},"end":{"line":24,"column":13}}},"branchMap":{}},"/Users/fiveisprime/Developer/automeme/spec/automeme-text-spec.js":{"path":"/Users/fiveisprime/Developer/automeme/spec/automeme-text-spec.js","s":{"1":1,"2":1,"3":1,"4":1,"5":1,"6":1,"7":1,"8":1,"9":1,"10":1,"11":1,"12":1,"13":1,"14":1,"15":1,"16":1,"17":1,"18":1,"19":1,"20":1,"21":1,"22":1,"23":1,"24":1,"25":1},"b":{},"f":{"1":1,"2":1,"3":1,"4":1,"5":1,"6":1,"7":1,"8":1,"9":1},"fnMap":{"1":{"name":"(anonymous_1)","line":6,"loc":{"start":{"line":6,"column":26},"end":{"line":6,"column":37}}},"2":{"name":"(anonymous_2)","line":8,"loc":{"start":{"line":8,"column":28},"end":{"line":8,"column":39}}},"3":{"name":"(anonymous_3)","line":9,"loc":{"start":{"line":9,"column":34},"end":{"line":9,"column":45}}},"4":{"name":"(anonymous_4)","line":16,"loc":{"start":{"line":16,"column":43},"end":{"line":16,"column":58}}},"5":{"name":"(anonymous_5)","line":21,"loc":{"start":{"line":21,"column":31},"end":{"line":21,"column":51}}},"6":{"name":"(anonymous_6)","line":30,"loc":{"start":{"line":30,"column":25},"end":{"line":30,"column":36}}},"7":{"name":"(anonymous_7)","line":31,"loc":{"start":{"line":31,"column":34},"end":{"line":31,"column":45}}},"8":{"name":"(anonymous_8)","line":38,"loc":{"start":{"line":38,"column":43},"end":{"line":38,"column":58}}},"9":{"name":"(anonymous_9)","line":43,"loc":{"start":{"line":43,"column":34},"end":{"line":43,"column":54}}}},"statementMap":{"1":{"start":{"line":1,"column":0},"end":{"line":2,"column":27}},"2":{"start":{"line":4,"column":0},"end":{"line":4,"column":18}},"3":{"start":{"line":6,"column":0},"end":{"line":52,"column":3}},"4":{"start":{"line":8,"column":2},"end":{"line":28,"column":5}},"5":{"start":{"line":9,"column":4},"end":{"line":14,"column":7}},"6":{"start":{"line":10,"column":6},"end":{"line":10,"column":45}},"7":{"start":{"line":12,"column":6},"end":{"line":12,"column":32}},"8":{"start":{"line":13,"column":6},"end":{"line":13,"column":32}},"9":{"start":{"line":16,"column":4},"end":{"line":27,"column":7}},"10":{"start":{"line":17,"column":6},"end":{"line":19,"column":28}},"11":{"start":{"line":21,"column":6},"end":{"line":26,"column":9}},"12":{"start":{"line":22,"column":8},"end":{"line":22,"column":26}},"13":{"start":{"line":23,"column":8},"end":{"line":23,"column":34}},"14":{"start":{"line":25,"column":8},"end":{"line":25,"column":15}},"15":{"start":{"line":30,"column":2},"end":{"line":50,"column":5}},"16":{"start":{"line":31,"column":4},"end":{"line":36,"column":7}},"17":{"start":{"line":32,"column":6},"end":{"line":32,"column":48}},"18":{"start":{"line":34,"column":6},"end":{"line":34,"column":32}},"19":{"start":{"line":35,"column":6},"end":{"line":35,"column":32}},"20":{"start":{"line":38,"column":4},"end":{"line":49,"column":7}},"21":{"start":{"line":39,"column":6},"end":{"line":41,"column":28}},"22":{"start":{"line":43,"column":6},"end":{"line":48,"column":9}},"23":{"start":{"line":44,"column":8},"end":{"line":44,"column":26}},"24":{"start":{"line":45,"column":8},"end":{"line":45,"column":34}},"25":{"start":{"line":47,"column":8},"end":{"line":47,"column":15}}},"branchMap":{}}}