TN:
SF:/Users/fiveisprime/Developer/automeme/spec/automeme-html-spec.js
FN:6,(anonymous_1)
FN:8,(anonymous_2)
FN:9,(anonymous_3)
FN:16,(anonymous_4)
FN:21,(anonymous_5)
FN:30,(anonymous_6)
FN:31,(anonymous_7)
FN:38,(anonymous_8)
FN:43,(anonymous_9)
FNF:9
FNH:9
FNDA:1,(anonymous_1)
FNDA:1,(anonymous_2)
FNDA:1,(anonymous_3)
FNDA:1,(anonymous_4)
FNDA:1,(anonymous_5)
FNDA:1,(anonymous_6)
FNDA:1,(anonymous_7)
FNDA:1,(anonymous_8)
FNDA:1,(anonymous_9)
DA:1,1
DA:4,1
DA:6,1
DA:8,1
DA:9,1
DA:10,1
DA:12,1
DA:13,1
DA:16,1
DA:17,1
DA:21,1
DA:22,1
DA:23,1
DA:25,1
DA:30,1
DA:31,1
DA:32,1
DA:34,1
DA:35,1
DA:38,1
DA:39,1
DA:43,1
DA:44,1
DA:45,1
DA:47,1
LF:25
LH:25
BRF:0
BRH:0
end_of_record
TN:
SF:/Users/fiveisprime/Developer/automeme/index.js
FNF:0
FNH:0
DA:1,1
LF:1
LH:1
BRF:0
BRH:0
end_of_record
TN:
SF:/Users/fiveisprime/Developer/automeme/lib/automeme.js
FN:6,(anonymous_1)
FN:31,(anonymous_2)
FNF:2
FNH:2
FNDA:14,(anonymous_1)
FNDA:7,(anonymous_2)
DA:1,1
DA:4,1
DA:6,1
DA:7,14
DA:9,14
DA:10,14
DA:12,14
DA:13,1
DA:14,1
DA:15,1
DA:18,14
DA:19,3
DA:20,3
DA:23,14
DA:31,14
DA:32,7
DA:33,7
DA:34,7
DA:37,14
LF:19
LH:19
BRDA:9,1,0,1
BRDA:9,1,1,13
BRDA:10,2,0,5
BRDA:10,2,1,9
BRDA:12,3,0,1
BRDA:12,3,1,13
BRDA:18,4,0,3
BRDA:18,4,1,11
BRDA:32,5,0,0
BRDA:32,5,1,7
BRDA:33,6,0,0
BRDA:33,6,1,7
BRF:12
BRH:10
end_of_record
TN:
SF:/Users/fiveisprime/Developer/automeme/spec/automeme-json-spec.js
FN:6,(anonymous_1)
FN:8,(anonymous_2)
FN:9,(anonymous_3)
FN:16,(anonymous_4)
FN:21,(anonymous_5)
FN:30,(anonymous_6)
FN:31,(anonymous_7)
FN:38,(anonymous_8)
FN:43,(anonymous_9)
FNF:9
FNH:9
FNDA:1,(anonymous_1)
FNDA:1,(anonymous_2)
FNDA:1,(anonymous_3)
FNDA:1,(anonymous_4)
FNDA:1,(anonymous_5)
FNDA:1,(anonymous_6)
FNDA:1,(anonymous_7)
FNDA:1,(anonymous_8)
FNDA:1,(anonymous_9)
DA:1,1
DA:4,1
DA:6,1
DA:8,1
DA:9,1
DA:10,1
DA:12,1
DA:13,1
DA:16,1
DA:17,1
DA:21,1
DA:22,1
DA:23,1
DA:25,1
DA:30,1
DA:31,1
DA:32,1
DA:34,1
DA:35,1
DA:38,1
DA:39,1
DA:43,1
DA:44,1
DA:45,1
DA:47,1
LF:25
LH:25
BRF:0
BRH:0
end_of_record
TN:
SF:/Users/fiveisprime/Developer/automeme/spec/automeme-spec.js
FN:6,(anonymous_1)
FN:8,(anonymous_2)
FN:15,(anonymous_3)
FN:20,(anonymous_4)
FNF:4
FNH:4
FNDA:1,(anonymous_1)
FNDA:1,(anonymous_2)
FNDA:1,(anonymous_3)
FNDA:1,(anonymous_4)
DA:1,1
DA:4,1
DA:6,1
DA:8,1
DA:9,1
DA:11,1
DA:12,1
DA:15,1
DA:16,1
DA:20,1
DA:21,1
DA:22,1
DA:24,1
LF:13
LH:13
BRF:0
BRH:0
end_of_record
TN:
SF:/Users/fiveisprime/Developer/automeme/spec/automeme-text-spec.js
FN:6,(anonymous_1)
FN:8,(anonymous_2)
FN:9,(anonymous_3)
FN:16,(anonymous_4)
FN:21,(anonymous_5)
FN:30,(anonymous_6)
FN:31,(anonymous_7)
FN:38,(anonymous_8)
FN:43,(anonymous_9)
FNF:9
FNH:9
FNDA:1,(anonymous_1)
FNDA:1,(anonymous_2)
FNDA:1,(anonymous_3)
FNDA:1,(anonymous_4)
FNDA:1,(anonymous_5)
FNDA:1,(anonymous_6)
FNDA:1,(anonymous_7)
FNDA:1,(anonymous_8)
FNDA:1,(anonymous_9)
DA:1,1
DA:4,1
DA:6,1
DA:8,1
DA:9,1
DA:10,1
DA:12,1
DA:13,1
DA:16,1
DA:17,1
DA:21,1
DA:22,1
DA:23,1
DA:25,1
DA:30,1
DA:31,1
DA:32,1
DA:34,1
DA:35,1
DA:38,1
DA:39,1
DA:43,1
DA:44,1
DA:45,1
DA:47,1
LF:25
LH:25
BRF:0
BRH:0
end_of_record
